<?xml version="1.0" encoding="UTF-8"?>
<testng-results ignored="0" total="2" passed="0" failed="2" skipped="0">
  <reporter-output>
  </reporter-output>
  <suite started-at="2019-04-17T15:22:06Z" name="Registeration regression suite" finished-at="2019-04-17T15:32:50Z" duration-ms="644125">
    <groups>
    </groups>
    <test started-at="2019-04-17T15:22:06Z" name="Test" finished-at="2019-04-17T15:32:50Z" duration-ms="644125">
      <class name="AutomationJourney2019.WEBSites.Udemy.Tests.SignUpNewUserTestClass">
        <test-method is-config="true" signature="initializeDriver(java.lang.String)[pri:0, instance:AutomationJourney2019.WEBSites.Udemy.Tests.SignUpNewUserTestClass@534a5a98]" started-at="2019-04-17T15:22:00Z" name="initializeDriver" finished-at="2019-04-17T15:22:06Z" duration-ms="5269" status="PASS">
          <params>
            <param index="0">
              <value>
                <![CDATA[firefox]]>
              </value>
            </param>
          </params>
          <reporter-output>
          </reporter-output>
        </test-method> <!-- initializeDriver -->
        <test-method is-config="true" signature="beforeMethod()[pri:0, instance:AutomationJourney2019.WEBSites.Udemy.Tests.SignUpNewUserTestClass@534a5a98]" started-at="2019-04-17T15:22:06Z" name="beforeMethod" finished-at="2019-04-17T15:22:06Z" duration-ms="1" status="PASS">
          <reporter-output>
          </reporter-output>
        </test-method> <!-- beforeMethod -->
        <test-method signature="UdemySignUpNewUser(java.lang.String, java.lang.String, java.lang.String)[pri:0, instance:AutomationJourney2019.WEBSites.Udemy.Tests.SignUpNewUserTestClass@534a5a98]" started-at="2019-04-17T15:22:06Z" name="UdemySignUpNewUser" data-provider="SignupUsersDP" finished-at="2019-04-17T15:27:23Z" duration-ms="316886" status="FAIL">
          <params>
            <param index="0">
              <value>
                <![CDATA[Islam Abd Alazez Abd Alhamed]]>
              </value>
            </param>
            <param index="1">
              <value>
                <![CDATA[islamaldomyate10@gmail.com]]>
              </value>
            </param>
            <param index="2">
              <value>
                <![CDATA[talkha2014]]>
              </value>
            </param>
          </params>
          <exception class="com.fasterxml.jackson.databind.exc.MismatchedInputException">
            <message>
              <![CDATA[Cannot deserialize instance of `org.json.simple.JSONObject` out of START_ARRAY token
 at [Source: (File); line: 1, column: 1]]]>
            </message>
            <full-stacktrace>
              <![CDATA[com.fasterxml.jackson.databind.exc.MismatchedInputException: Cannot deserialize instance of `org.json.simple.JSONObject` out of START_ARRAY token
 at [Source: (File); line: 1, column: 1]
at com.fasterxml.jackson.databind.exc.MismatchedInputException.from(MismatchedInputException.java:63)
at com.fasterxml.jackson.databind.DeserializationContext.reportInputMismatch(DeserializationContext.java:1343)
at com.fasterxml.jackson.databind.DeserializationContext.handleUnexpectedToken(DeserializationContext.java:1139)
at com.fasterxml.jackson.databind.DeserializationContext.handleUnexpectedToken(DeserializationContext.java:1093)
at com.fasterxml.jackson.databind.deser.std.StdDeserializer._deserializeFromEmpty(StdDeserializer.java:600)
at com.fasterxml.jackson.databind.deser.std.MapDeserializer.deserialize(MapDeserializer.java:360)
at com.fasterxml.jackson.databind.deser.std.MapDeserializer.deserialize(MapDeserializer.java:29)
at com.fasterxml.jackson.databind.ObjectMapper._readMapAndClose(ObjectMapper.java:4013)
at com.fasterxml.jackson.databind.ObjectMapper.readValue(ObjectMapper.java:2902)
at AutomationJourney2019.WEBSites.DataFileAdaptor.UpdateJSONValue(DataFileAdaptor.java:30)
at AutomationJourney2019.WEBSites.Udemy.Tests.SignUpNewUserTestClass.UdemySignUpNewUser(SignUpNewUserTestClass.java:38)
at java.base/jdk.internal.reflect.NativeMethodAccessorImpl.invoke0(Native Method)
at java.base/jdk.internal.reflect.NativeMethodAccessorImpl.invoke(NativeMethodAccessorImpl.java:62)
at java.base/jdk.internal.reflect.DelegatingMethodAccessorImpl.invoke(DelegatingMethodAccessorImpl.java:43)
at java.base/java.lang.reflect.Method.invoke(Method.java:564)
at org.testng.internal.MethodInvocationHelper.invokeMethod(MethodInvocationHelper.java:124)
at org.testng.internal.Invoker.invokeMethod(Invoker.java:583)
at org.testng.internal.Invoker.invokeTestMethod(Invoker.java:719)
at org.testng.internal.Invoker.invokeTestMethods(Invoker.java:989)
at org.testng.internal.TestMethodWorker.invokeTestMethods(TestMethodWorker.java:125)
at org.testng.internal.TestMethodWorker.run(TestMethodWorker.java:109)
at org.testng.TestRunner.privateRun(TestRunner.java:648)
at org.testng.TestRunner.run(TestRunner.java:505)
at org.testng.SuiteRunner.runTest(SuiteRunner.java:455)
at org.testng.SuiteRunner.runSequentially(SuiteRunner.java:450)
at org.testng.SuiteRunner.privateRun(SuiteRunner.java:415)
at org.testng.SuiteRunner.run(SuiteRunner.java:364)
at org.testng.SuiteRunnerWorker.runSuite(SuiteRunnerWorker.java:52)
at org.testng.SuiteRunnerWorker.run(SuiteRunnerWorker.java:84)
at org.testng.TestNG.runSuitesSequentially(TestNG.java:1208)
at org.testng.TestNG.runSuitesLocally(TestNG.java:1137)
at org.testng.TestNG.runSuites(TestNG.java:1049)
at org.testng.TestNG.run(TestNG.java:1017)
at org.testng.remote.AbstractRemoteTestNG.run(AbstractRemoteTestNG.java:114)
at org.testng.remote.RemoteTestNG.initAndRun(RemoteTestNG.java:251)
at org.testng.remote.RemoteTestNG.main(RemoteTestNG.java:77)
]]>
            </full-stacktrace>
          </exception> <!-- com.fasterxml.jackson.databind.exc.MismatchedInputException -->
          <reporter-output>
          </reporter-output>
        </test-method> <!-- UdemySignUpNewUser -->
        <test-method is-config="true" signature="ScreenshotOnFailure(org.testng.ITestResult)[pri:0, instance:AutomationJourney2019.WEBSites.Udemy.Tests.SignUpNewUserTestClass@534a5a98]" started-at="2019-04-17T15:27:23Z" name="ScreenshotOnFailure" finished-at="2019-04-17T15:27:23Z" duration-ms="263" status="PASS">
          <params>
            <param index="0">
              <value>
                <![CDATA[[TestResult name=UdemySignUpNewUser status=FAILURE method=SignUpNewUserTestClass.UdemySignUpNewUser(java.lang.String, java.lang.String, java.lang.String)[pri:0, instance:AutomationJourney2019.WEBSites.Udemy.Tests.SignUpNewUserTestClass@534a5a98] output={null}]]]>
              </value>
            </param>
          </params>
          <reporter-output>
          </reporter-output>
        </test-method> <!-- ScreenshotOnFailure -->
        <test-method is-config="true" signature="afterMethod()[pri:0, instance:AutomationJourney2019.WEBSites.Udemy.Tests.SignUpNewUserTestClass@534a5a98]" started-at="2019-04-17T15:27:23Z" name="afterMethod" finished-at="2019-04-17T15:27:23Z" duration-ms="1" status="PASS">
          <reporter-output>
          </reporter-output>
        </test-method> <!-- afterMethod -->
        <test-method is-config="true" signature="beforeMethod()[pri:0, instance:AutomationJourney2019.WEBSites.Udemy.Tests.SignUpNewUserTestClass@534a5a98]" started-at="2019-04-17T15:27:23Z" name="beforeMethod" finished-at="2019-04-17T15:27:23Z" duration-ms="0" status="PASS">
          <reporter-output>
          </reporter-output>
        </test-method> <!-- beforeMethod -->
        <test-method signature="UdemySignUpNewUser(java.lang.String, java.lang.String, java.lang.String)[pri:0, instance:AutomationJourney2019.WEBSites.Udemy.Tests.SignUpNewUserTestClass@534a5a98]" started-at="2019-04-17T15:27:23Z" name="UdemySignUpNewUser" data-provider="SignupUsersDP" finished-at="2019-04-17T15:32:50Z" duration-ms="326682" status="FAIL">
          <params>
            <param index="0">
              <value>
                <![CDATA[Hisham Shahin]]>
              </value>
            </param>
            <param index="1">
              <value>
                <![CDATA[arcomtest2110@gmail.com]]>
              </value>
            </param>
            <param index="2">
              <value>
                <![CDATA[talkha2014]]>
              </value>
            </param>
          </params>
          <exception class="com.fasterxml.jackson.databind.exc.MismatchedInputException">
            <message>
              <![CDATA[Cannot deserialize instance of `org.json.simple.JSONObject` out of START_ARRAY token
 at [Source: (File); line: 1, column: 1]]]>
            </message>
            <full-stacktrace>
              <![CDATA[com.fasterxml.jackson.databind.exc.MismatchedInputException: Cannot deserialize instance of `org.json.simple.JSONObject` out of START_ARRAY token
 at [Source: (File); line: 1, column: 1]
at com.fasterxml.jackson.databind.exc.MismatchedInputException.from(MismatchedInputException.java:63)
at com.fasterxml.jackson.databind.DeserializationContext.reportInputMismatch(DeserializationContext.java:1343)
at com.fasterxml.jackson.databind.DeserializationContext.handleUnexpectedToken(DeserializationContext.java:1139)
at com.fasterxml.jackson.databind.DeserializationContext.handleUnexpectedToken(DeserializationContext.java:1093)
at com.fasterxml.jackson.databind.deser.std.StdDeserializer._deserializeFromEmpty(StdDeserializer.java:600)
at com.fasterxml.jackson.databind.deser.std.MapDeserializer.deserialize(MapDeserializer.java:360)
at com.fasterxml.jackson.databind.deser.std.MapDeserializer.deserialize(MapDeserializer.java:29)
at com.fasterxml.jackson.databind.ObjectMapper._readMapAndClose(ObjectMapper.java:4013)
at com.fasterxml.jackson.databind.ObjectMapper.readValue(ObjectMapper.java:2902)
at AutomationJourney2019.WEBSites.DataFileAdaptor.UpdateJSONValue(DataFileAdaptor.java:30)
at AutomationJourney2019.WEBSites.Udemy.Tests.SignUpNewUserTestClass.UdemySignUpNewUser(SignUpNewUserTestClass.java:38)
at java.base/jdk.internal.reflect.NativeMethodAccessorImpl.invoke0(Native Method)
at java.base/jdk.internal.reflect.NativeMethodAccessorImpl.invoke(NativeMethodAccessorImpl.java:62)
at java.base/jdk.internal.reflect.DelegatingMethodAccessorImpl.invoke(DelegatingMethodAccessorImpl.java:43)
at java.base/java.lang.reflect.Method.invoke(Method.java:564)
at org.testng.internal.MethodInvocationHelper.invokeMethod(MethodInvocationHelper.java:124)
at org.testng.internal.Invoker.invokeMethod(Invoker.java:583)
at org.testng.internal.Invoker.invokeTestMethod(Invoker.java:719)
at org.testng.internal.Invoker.invokeTestMethods(Invoker.java:989)
at org.testng.internal.TestMethodWorker.invokeTestMethods(TestMethodWorker.java:125)
at org.testng.internal.TestMethodWorker.run(TestMethodWorker.java:109)
at org.testng.TestRunner.privateRun(TestRunner.java:648)
at org.testng.TestRunner.run(TestRunner.java:505)
at org.testng.SuiteRunner.runTest(SuiteRunner.java:455)
at org.testng.SuiteRunner.runSequentially(SuiteRunner.java:450)
at org.testng.SuiteRunner.privateRun(SuiteRunner.java:415)
at org.testng.SuiteRunner.run(SuiteRunner.java:364)
at org.testng.SuiteRunnerWorker.runSuite(SuiteRunnerWorker.java:52)
at org.testng.SuiteRunnerWorker.run(SuiteRunnerWorker.java:84)
at org.testng.TestNG.runSuitesSequentially(TestNG.java:1208)
at org.testng.TestNG.runSuitesLocally(TestNG.java:1137)
at org.testng.TestNG.runSuites(TestNG.java:1049)
at org.testng.TestNG.run(TestNG.java:1017)
at org.testng.remote.AbstractRemoteTestNG.run(AbstractRemoteTestNG.java:114)
at org.testng.remote.RemoteTestNG.initAndRun(RemoteTestNG.java:251)
at org.testng.remote.RemoteTestNG.main(RemoteTestNG.java:77)
]]>
            </full-stacktrace>
          </exception> <!-- com.fasterxml.jackson.databind.exc.MismatchedInputException -->
          <reporter-output>
          </reporter-output>
        </test-method> <!-- UdemySignUpNewUser -->
        <test-method is-config="true" signature="ScreenshotOnFailure(org.testng.ITestResult)[pri:0, instance:AutomationJourney2019.WEBSites.Udemy.Tests.SignUpNewUserTestClass@534a5a98]" started-at="2019-04-17T15:32:50Z" name="ScreenshotOnFailure" finished-at="2019-04-17T15:32:50Z" duration-ms="243" status="PASS">
          <params>
            <param index="0">
              <value>
                <![CDATA[[TestResult name=UdemySignUpNewUser status=FAILURE method=SignUpNewUserTestClass.UdemySignUpNewUser(java.lang.String, java.lang.String, java.lang.String)[pri:0, instance:AutomationJourney2019.WEBSites.Udemy.Tests.SignUpNewUserTestClass@534a5a98] output={null}]]]>
              </value>
            </param>
          </params>
          <reporter-output>
          </reporter-output>
        </test-method> <!-- ScreenshotOnFailure -->
        <test-method is-config="true" signature="afterMethod()[pri:0, instance:AutomationJourney2019.WEBSites.Udemy.Tests.SignUpNewUserTestClass@534a5a98]" started-at="2019-04-17T15:32:50Z" name="afterMethod" finished-at="2019-04-17T15:32:50Z" duration-ms="1" status="PASS">
          <reporter-output>
          </reporter-output>
        </test-method> <!-- afterMethod -->
        <test-method is-config="true" signature="StopDriver()[pri:0, instance:AutomationJourney2019.WEBSites.Udemy.Tests.SignUpNewUserTestClass@534a5a98]" started-at="2019-04-17T15:32:50Z" name="StopDriver" finished-at="2019-04-17T15:32:50Z" duration-ms="0" status="PASS">
          <reporter-output>
          </reporter-output>
        </test-method> <!-- StopDriver -->
        <test-method is-config="true" signature="afterSuite()[pri:0, instance:AutomationJourney2019.WEBSites.Udemy.Tests.SignUpNewUserTestClass@534a5a98]" started-at="2019-04-17T15:32:50Z" name="afterSuite" finished-at="2019-04-17T15:32:50Z" duration-ms="0" status="PASS">
          <reporter-output>
          </reporter-output>
        </test-method> <!-- afterSuite -->
      </class> <!-- AutomationJourney2019.WEBSites.Udemy.Tests.SignUpNewUserTestClass -->
    </test> <!-- Test -->
  </suite> <!-- Registeration regression suite -->
</testng-results>
