<?xml version="1.0" encoding="UTF-8"?>
<!-- Generated by org.testng.reporters.JUnitXMLReporter -->
<testsuite ignored="0" hostname="IslamAbdAlazezPC" failures="2" tests="2" name="Test" time="644.125" errors="0" timestamp="17 Apr 2019 15:32:50 GMT">
  <testcase classname="AutomationJourney2019.WEBSites.Udemy.Tests.SignUpNewUserTestClass" name="UdemySignUpNewUser" time="316.886">
    <failure type="com.fasterxml.jackson.databind.exc.MismatchedInputException" message="Cannot deserialize instance of `org.json.simple.JSONObject` out of START_ARRAY token
 at [Source: (File); line: 1, column: 1]">
      <![CDATA[com.fasterxml.jackson.databind.exc.MismatchedInputException: Cannot deserialize instance of `org.json.simple.JSONObject` out of START_ARRAY token
 at [Source: (File); line: 1, column: 1]
at com.fasterxml.jackson.databind.exc.MismatchedInputException.from(MismatchedInputException.java:63)
at com.fasterxml.jackson.databind.DeserializationContext.reportInputMismatch(DeserializationContext.java:1343)
at com.fasterxml.jackson.databind.DeserializationContext.handleUnexpectedToken(DeserializationContext.java:1139)
at com.fasterxml.jackson.databind.DeserializationContext.handleUnexpectedToken(DeserializationContext.java:1093)
at com.fasterxml.jackson.databind.deser.std.StdDeserializer._deserializeFromEmpty(StdDeserializer.java:600)
at com.fasterxml.jackson.databind.deser.std.MapDeserializer.deserialize(MapDeserializer.java:360)
at com.fasterxml.jackson.databind.deser.std.MapDeserializer.deserialize(MapDeserializer.java:29)
at com.fasterxml.jackson.databind.ObjectMapper._readMapAndClose(ObjectMapper.java:4013)
at com.fasterxml.jackson.databind.ObjectMapper.readValue(ObjectMapper.java:2902)
at AutomationJourney2019.WEBSites.DataFileAdaptor.UpdateJSONValue(DataFileAdaptor.java:30)
at AutomationJourney2019.WEBSites.Udemy.Tests.SignUpNewUserTestClass.UdemySignUpNewUser(SignUpNewUserTestClass.java:38)
... Removed 25 stack frames]]>
    </failure>
  </testcase> <!-- UdemySignUpNewUser -->
  <testcase classname="AutomationJourney2019.WEBSites.Udemy.Tests.SignUpNewUserTestClass" name="UdemySignUpNewUser" time="326.682">
    <failure type="com.fasterxml.jackson.databind.exc.MismatchedInputException" message="Cannot deserialize instance of `org.json.simple.JSONObject` out of START_ARRAY token
 at [Source: (File); line: 1, column: 1]">
      <![CDATA[com.fasterxml.jackson.databind.exc.MismatchedInputException: Cannot deserialize instance of `org.json.simple.JSONObject` out of START_ARRAY token
 at [Source: (File); line: 1, column: 1]
at com.fasterxml.jackson.databind.exc.MismatchedInputException.from(MismatchedInputException.java:63)
at com.fasterxml.jackson.databind.DeserializationContext.reportInputMismatch(DeserializationContext.java:1343)
at com.fasterxml.jackson.databind.DeserializationContext.handleUnexpectedToken(DeserializationContext.java:1139)
at com.fasterxml.jackson.databind.DeserializationContext.handleUnexpectedToken(DeserializationContext.java:1093)
at com.fasterxml.jackson.databind.deser.std.StdDeserializer._deserializeFromEmpty(StdDeserializer.java:600)
at com.fasterxml.jackson.databind.deser.std.MapDeserializer.deserialize(MapDeserializer.java:360)
at com.fasterxml.jackson.databind.deser.std.MapDeserializer.deserialize(MapDeserializer.java:29)
at com.fasterxml.jackson.databind.ObjectMapper._readMapAndClose(ObjectMapper.java:4013)
at com.fasterxml.jackson.databind.ObjectMapper.readValue(ObjectMapper.java:2902)
at AutomationJourney2019.WEBSites.DataFileAdaptor.UpdateJSONValue(DataFileAdaptor.java:30)
at AutomationJourney2019.WEBSites.Udemy.Tests.SignUpNewUserTestClass.UdemySignUpNewUser(SignUpNewUserTestClass.java:38)
... Removed 25 stack frames]]>
    </failure>
  </testcase> <!-- UdemySignUpNewUser -->
</testsuite> <!-- Test -->
